2023/06/26 20:25:17 - Jb_execute_job - Using run configuration [Pentaho local]
2023/06/26 20:25:17 - jb_main_rh_dwh_staging - Starting entry [tr-log_batch_id]
2023/06/26 20:25:17 - tr-log_batch_id - Using run configuration [Pentaho local]
2023/06/26 20:25:17 - tr-log_batch_id - Dispatching started for transformation [tr-log_batch_id]
2023/06/26 20:25:18 - gsysinfo.0 - Finished processing (I=0, O=0, R=1, W=1, U=0, E=0)
2023/06/26 20:25:18 - Set V_Batch_ID and V_PID.0 - Setting environment variables...
2023/06/26 20:25:18 - Set V_Batch_ID and V_PID.0 - Set variable V_BATCH_ID to value [5]
2023/06/26 20:25:18 - Set V_Batch_ID and V_PID.0 - Set variable V_IP_ADDRESS to value [192.168.56.1]
2023/06/26 20:25:18 - Set V_Batch_ID and V_PID.0 - Set variable V_HOSTNAME to value [DESKTOP-JDQLDT1]
2023/06/26 20:25:18 - Set V_Batch_ID and V_PID.0 - Set variable V_PID to value [4520]
2023/06/26 20:25:18 - wtl_running_details.0 - 
2023/06/26 20:25:18 - wtl_running_details.0 - ------------> Linenr 1------------------------------
2023/06/26 20:25:18 - wtl_running_details.0 - *** INFO: JOB RUN DETAILS: ***
2023/06/26 20:25:18 - wtl_running_details.0 - 
2023/06/26 20:25:18 - wtl_running_details.0 - batch_id = 5
2023/06/26 20:25:18 - wtl_running_details.0 - ip_address = 192.168.56.1
2023/06/26 20:25:18 - wtl_running_details.0 - hostname = DESKTOP-JDQLDT1
2023/06/26 20:25:18 - wtl_running_details.0 - pid = 4520
2023/06/26 20:25:18 - wtl_running_details.0 - 
2023/06/26 20:25:18 - wtl_running_details.0 - ====================
2023/06/26 20:25:18 - Set V_Batch_ID and V_PID.0 - Finished after 1 rows.
2023/06/26 20:25:18 - Set V_Batch_ID and V_PID.0 - Finished processing (I=0, O=0, R=1, W=1, U=0, E=0)
2023/06/26 20:25:18 - wtl_running_details.0 - Finished processing (I=0, O=0, R=1, W=1, U=0, E=0)
2023/06/26 20:25:18 - jb_main_rh_dwh_staging - Starting entry [Jb-job_start_actions]
2023/06/26 20:25:18 - Jb-job_start_actions - Using run configuration [Pentaho local]
2023/06/26 20:25:18 - jb_job_start_actions - Starting entry [tr-job_start_check]
2023/06/26 20:25:18 - tr-job_start_check - Using run configuration [Pentaho local]
2023/06/26 20:25:18 - tr_job_start_check - Dispatching started for transformation [tr_job_start_check]
2023/06/26 20:25:18 - ti-check_status.0 - Finished reading query, closing connection
2023/06/26 20:25:18 - sv-framework_variables.0 - Setting environment variables...
2023/06/26 20:25:18 - ti-check_status.0 - Finished processing (I=1, O=0, R=0, W=2, U=0, E=0)
2023/06/26 20:25:18 - sv-framework_variables.0 - Set variable V_JOB_START_FLAG to value [Y]
2023/06/26 20:25:18 - sv-framework_variables.0 - Set variable V_PREVIOUS_JOB_EXECUTION_STATUS to value [error]
2023/06/26 20:25:18 - sv-framework_variables.0 - Set variable V_PREVIOUS_JOB_BATCH_ID to value [4]
2023/06/26 20:25:18 - dtempty-job_start_check.0 - Finished processing (I=0, O=0, R=1, W=0, U=0, E=0)
2023/06/26 20:25:18 - sc-status.0 - Finished processing (I=0, O=0, R=1, W=1, U=0, E=0)
2023/06/26 20:25:18 - finished | error.0 - Finished processing (I=0, O=0, R=1, W=1, U=0, E=0)
2023/06/26 20:25:18 - ac-start = yes.0 - Finished processing (I=0, O=0, R=1, W=1, U=0, E=0)
2023/06/26 20:25:18 - sv-framework_variables.0 - Finished after 1 rows.
2023/06/26 20:25:18 - sv-framework_variables.0 - Finished processing (I=0, O=0, R=1, W=1, U=0, E=0)
2023/06/26 20:25:18 - jb_job_start_actions - Starting entry [se-job_can_start]
2023/06/26 20:25:18 - jb_job_start_actions - Starting entry [tr-upd_job_control_job_running]
2023/06/26 20:25:18 - tr-upd_job_control_job_running - Using run configuration [Pentaho local]
2023/06/26 20:25:18 - tr_upd_job_control_job - Dispatching started for transformation [tr_upd_job_control_job]
2023/06/26 20:25:18 - gv-execution-variables.0 - Finished processing (I=0, O=0, R=1, W=1, U=0, E=0)
2023/06/26 20:25:18 - logtime.0 - Finished processing (I=0, O=0, R=1, W=1, U=0, E=0)
2023/06/26 20:25:18 - ac-job_control_checkpoint_and_project_name.0 - Finished processing (I=0, O=0, R=1, W=1, U=0, E=0)
2023/06/26 20:25:18 - sw-status.0 - Finished processing (I=0, O=0, R=1, W=1, U=0, E=0)
2023/06/26 20:25:18 - running.0 - Finished processing (I=0, O=0, R=1, W=1, U=0, E=0)
2023/06/26 20:25:18 - iu-job_control.0 - Finished processing (I=1, O=0, R=1, W=1, U=1, E=0)
2023/06/26 20:25:18 - jb_job_start_actions - Starting entry [Success]
2023/06/26 20:25:18 - jb_job_start_actions - Finished job entry [Success] (result=[true])
2023/06/26 20:25:18 - jb_job_start_actions - Finished job entry [tr-upd_job_control_job_running] (result=[true])
2023/06/26 20:25:18 - jb_job_start_actions - Finished job entry [se-job_can_start] (result=[true])
2023/06/26 20:25:18 - jb_job_start_actions - Finished job entry [tr-job_start_check] (result=[true])
2023/06/26 20:25:18 - jb_main_rh_dwh_staging - Starting entry [jb_load_work_unit-tr_rh_msxls]
2023/06/26 20:25:18 - jb_load_work_unit-tr_rh_msxls - Using run configuration [Pentaho local]
2023/06/26 20:25:18 - jb_work_unit - Starting entry [wtl_work_unit_conditions]
2023/06/26 20:25:18 - *** INFO: STARTING WORK UNIT:  tr_stg_rh_msxls *** - P_PROJECT_NAME: rh_dwh
V_JOB_NAME: jb_main_rh_dwh_staging
P_WORK_UNIT_NAME: tr_stg_rh_msxls
P_WORK_UNIT_TYPE: transformation
P_WORK_UNIT_PATH: ${STG_WORK_UNIT_PATH}
P_IS_LAST_UNIT: N
P_CHECK_START: Y
2023/06/26 20:25:18 - jb_work_unit - Starting entry [jb_load_work_unit_env]
2023/06/26 20:25:18 - jb_load_work_unit_env - Using run configuration [Pentaho local]
2023/06/26 20:25:18 - jb_load_work_unit_env - Starting entry [wtl-work_unit_environment]
2023/06/26 20:25:18 - *** INFO: LOADING WORK UNIT ENVIRONMENT FOR tr_stg_rh_msxls -  
2023/06/26 20:25:18 - jb_load_work_unit_env - Starting entry [fe-project]
2023/06/26 20:25:18 - jb_load_work_unit_env - Starting entry [sv-project]
2023/06/26 20:25:18 - jb_load_work_unit_env - Finished job entry [sv-project] (result=[true])
2023/06/26 20:25:18 - jb_load_work_unit_env - Starting entry [fe-work_unit]
2023/06/26 20:25:18 - jb_load_work_unit_env - Starting entry [Success]
2023/06/26 20:25:18 - jb_load_work_unit_env - Finished job entry [Success] (result=[true])
2023/06/26 20:25:18 - jb_load_work_unit_env - Starting entry [sv-work_unit]
2023/06/26 20:25:18 - jb_load_work_unit_env - Finished job entry [sv-work_unit] (result=[true])
2023/06/26 20:25:18 - jb_load_work_unit_env - Finished job entry [fe-work_unit] (result=[true])
2023/06/26 20:25:18 - jb_load_work_unit_env - Finished job entry [fe-project] (result=[true])
2023/06/26 20:25:18 - jb_load_work_unit_env - Finished job entry [wtl-work_unit_environment] (result=[true])
2023/06/26 20:25:18 - jb_work_unit - Starting entry [se-check_start?]
2023/06/26 20:25:18 - jb_work_unit - Starting entry [tr_work_unit_start_check]
2023/06/26 20:25:18 - tr_work_unit_start_check - Using run configuration [Pentaho local]
2023/06/26 20:25:18 - tr_work_unit_start_check - Dispatching started for transformation [tr_work_unit_start_check]
2023/06/26 20:25:19 - ti-check-status.0 - Finished reading query, closing connection
2023/06/26 20:25:19 - se_V_WORK_UNIT_START_FLAG.0 - Setting environment variables...
2023/06/26 20:25:19 - ti-check-status.0 - Finished processing (I=1, O=0, R=0, W=2, U=0, E=0)
2023/06/26 20:25:19 - se_V_WORK_UNIT_START_FLAG.0 - Set variable V_WORK_UNIT_START_FLAG to value [Y]
2023/06/26 20:25:19 - se_V_WORK_UNIT_START_FLAG.0 - Set variable V_PREVIOUS_WORK_UNIT_EXECUTION_STATUS to value [error]
2023/06/26 20:25:19 - sc-status.0 - Finished processing (I=0, O=0, R=1, W=1, U=0, E=0)
2023/06/26 20:25:19 - dtempty-work_unit_start_check.0 - Finished processing (I=0, O=0, R=1, W=0, U=0, E=0)
2023/06/26 20:25:19 - error.0 - Finished processing (I=0, O=0, R=1, W=1, U=0, E=0)
2023/06/26 20:25:19 - start = yes after error.0 - Finished processing (I=0, O=0, R=1, W=1, U=0, E=0)
2023/06/26 20:25:19 - se_V_WORK_UNIT_START_FLAG.0 - Finished after 1 rows.
2023/06/26 20:25:19 - se_V_WORK_UNIT_START_FLAG.0 - Finished processing (I=0, O=0, R=1, W=1, U=0, E=0)
2023/06/26 20:25:19 - jb_work_unit - Starting entry [se-start]
2023/06/26 20:25:19 - jb_work_unit - Starting entry [wrt-start-execution_check]
2023/06/26 20:25:19 - *** INFO: EXECUTION STARTED - START CHECK PERFORMED *** -  
2023/06/26 20:25:19 - jb_work_unit - Starting entry [tr_upd_job_control_work_unit_running]
2023/06/26 20:25:19 - tr_upd_job_control_work_unit_running - Using run configuration [Pentaho local]
2023/06/26 20:25:19 - tr_upd_job_control_work_unit - Dispatching started for transformation [tr_upd_job_control_work_unit]
2023/06/26 20:25:19 - gv-execution-variables.0 - Finished processing (I=0, O=0, R=1, W=1, U=0, E=0)
2023/06/26 20:25:19 - logtime.0 - Finished processing (I=0, O=0, R=1, W=1, U=0, E=0)
2023/06/26 20:25:19 - sw_status.0 - Finished processing (I=0, O=0, R=1, W=1, U=0, E=0)
2023/06/26 20:25:19 - start.0 - Finished processing (I=0, O=0, R=1, W=1, U=0, E=0)
2023/06/26 20:25:19 - iu-start_job_control.0 - Finished processing (I=1, O=0, R=1, W=1, U=1, E=0)
2023/06/26 20:25:19 - jb_work_unit - Starting entry [se-is-job?]
2023/06/26 20:25:19 - jb_work_unit - Starting entry [tr-execute-transformation]
2023/06/26 20:25:19 - tr-execute-transformation - Using run configuration [Pentaho local]
2023/06/26 20:25:19 - tr_load_rh_msxls - Dispatching started for transformation [tr_load_rh_msxls]
2023/06/26 20:25:19 - csvi-collaborateurs.0 - Header row skipped in file 'D:/local-repo-github/pdi/pentaho_data_engineering/rh_dwh/rh_dwh/files-mgmt/_input/_src/collaborateurs.csv'
2023/06/26 20:25:19 - csvi-collaborateurs.0 - Finished processing (I=12, O=0, R=0, W=11, U=0, E=0)
2023/06/26 20:25:19 - msxlso-rh.0 - Finished processing (I=0, O=11, R=11, W=11, U=0, E=0)
2023/06/26 20:25:19 - jb_work_unit - Starting entry [tr_upd_job_control_work_unit_success]
2023/06/26 20:25:19 - tr_upd_job_control_work_unit_success - Using run configuration [Pentaho local]
2023/06/26 20:25:19 - tr_upd_job_control_work_unit - Dispatching started for transformation [tr_upd_job_control_work_unit]
2023/06/26 20:25:19 - gv-execution-variables.0 - Finished processing (I=0, O=0, R=1, W=1, U=0, E=0)
2023/06/26 20:25:19 - logtime.0 - Finished processing (I=0, O=0, R=1, W=1, U=0, E=0)
2023/06/26 20:25:19 - sw_status.0 - Finished processing (I=0, O=0, R=1, W=1, U=0, E=0)
2023/06/26 20:25:19 - success_error.0 - Finished processing (I=0, O=0, R=1, W=1, U=0, E=0)
2023/06/26 20:25:19 - u_job_control.0 - Finished processing (I=1, O=0, R=1, W=1, U=1, E=0)
2023/06/26 20:25:19 - jb_work_unit - Starting entry [se_is_last_unit]
2023/06/26 20:25:19 - jb_work_unit - Starting entry [Success]
2023/06/26 20:25:19 - jb_work_unit - Finished job entry [Success] (result=[true])
2023/06/26 20:25:19 - jb_work_unit - Finished job entry [se_is_last_unit] (result=[true])
2023/06/26 20:25:19 - jb_work_unit - Finished job entry [tr_upd_job_control_work_unit_success] (result=[true])
2023/06/26 20:25:19 - jb_work_unit - Finished job entry [tr-execute-transformation] (result=[true])
2023/06/26 20:25:19 - jb_work_unit - Finished job entry [se-is-job?] (result=[true])
2023/06/26 20:25:19 - jb_work_unit - Finished job entry [tr_upd_job_control_work_unit_running] (result=[true])
2023/06/26 20:25:19 - jb_work_unit - Finished job entry [wrt-start-execution_check] (result=[true])
2023/06/26 20:25:19 - jb_work_unit - Finished job entry [se-start] (result=[true])
2023/06/26 20:25:19 - jb_work_unit - Finished job entry [tr_work_unit_start_check] (result=[true])
2023/06/26 20:25:19 - jb_work_unit - Finished job entry [se-check_start?] (result=[true])
2023/06/26 20:25:19 - jb_work_unit - Finished job entry [jb_load_work_unit_env] (result=[true])
2023/06/26 20:25:19 - jb_work_unit - Finished job entry [wtl_work_unit_conditions] (result=[true])
2023/06/26 20:25:19 - jb_main_rh_dwh_staging - Starting entry [jb_load_work_unit-tr_organisation_msxls]
2023/06/26 20:25:19 - jb_load_work_unit-tr_organisation_msxls - Using run configuration [Pentaho local]
2023/06/26 20:25:19 - jb_work_unit - Starting entry [wtl_work_unit_conditions]
2023/06/26 20:25:19 - *** INFO: STARTING WORK UNIT:  tr_stg_organisation_msxls *** - P_PROJECT_NAME: rh_dwh
V_JOB_NAME: jb_main_rh_dwh_staging
P_WORK_UNIT_NAME: tr_stg_organisation_msxls
P_WORK_UNIT_TYPE: transformation
P_WORK_UNIT_PATH: ${STG_WORK_UNIT_PATH}
P_IS_LAST_UNIT: N
P_CHECK_START: Y
2023/06/26 20:25:19 - jb_work_unit - Starting entry [jb_load_work_unit_env]
2023/06/26 20:25:19 - jb_load_work_unit_env - Using run configuration [Pentaho local]
2023/06/26 20:25:19 - jb_load_work_unit_env - Starting entry [wtl-work_unit_environment]
2023/06/26 20:25:19 - *** INFO: LOADING WORK UNIT ENVIRONMENT FOR tr_stg_organisation_msxls -  
2023/06/26 20:25:19 - jb_load_work_unit_env - Starting entry [fe-project]
2023/06/26 20:25:19 - jb_load_work_unit_env - Starting entry [sv-project]
2023/06/26 20:25:20 - jb_load_work_unit_env - Finished job entry [sv-project] (result=[true])
2023/06/26 20:25:20 - jb_load_work_unit_env - Starting entry [fe-work_unit]
2023/06/26 20:25:20 - jb_load_work_unit_env - Starting entry [Success]
2023/06/26 20:25:20 - jb_load_work_unit_env - Finished job entry [Success] (result=[true])
2023/06/26 20:25:20 - jb_load_work_unit_env - Starting entry [sv-work_unit]
2023/06/26 20:25:20 - jb_load_work_unit_env - Finished job entry [sv-work_unit] (result=[true])
2023/06/26 20:25:20 - jb_load_work_unit_env - Finished job entry [fe-work_unit] (result=[true])
2023/06/26 20:25:20 - jb_load_work_unit_env - Finished job entry [fe-project] (result=[true])
2023/06/26 20:25:20 - jb_load_work_unit_env - Finished job entry [wtl-work_unit_environment] (result=[true])
2023/06/26 20:25:20 - jb_work_unit - Starting entry [se-check_start?]
2023/06/26 20:25:20 - jb_work_unit - Starting entry [tr_work_unit_start_check]
2023/06/26 20:25:20 - tr_work_unit_start_check - Using run configuration [Pentaho local]
2023/06/26 20:25:20 - tr_work_unit_start_check - Dispatching started for transformation [tr_work_unit_start_check]
2023/06/26 20:25:20 - ti-check-status.0 - Finished reading query, closing connection
2023/06/26 20:25:20 - dtempty-work_unit_start_check.0 - Finished processing (I=0, O=0, R=0, W=1, U=0, E=0)
2023/06/26 20:25:20 - se_V_WORK_UNIT_START_FLAG.0 - Setting environment variables...
2023/06/26 20:25:20 - se_V_WORK_UNIT_START_FLAG.0 - Set variable V_WORK_UNIT_START_FLAG to value [Y]
2023/06/26 20:25:20 - se_V_WORK_UNIT_START_FLAG.0 - Set variable V_PREVIOUS_WORK_UNIT_EXECUTION_STATUS to value [finished]
2023/06/26 20:25:20 - ifnull-status.0 - Finished processing (I=0, O=0, R=1, W=1, U=0, E=0)
2023/06/26 20:25:20 - start = yes on empty.0 - Finished processing (I=0, O=0, R=1, W=1, U=0, E=0)
2023/06/26 20:25:20 - se_V_WORK_UNIT_START_FLAG.0 - Finished after 1 rows.
2023/06/26 20:25:20 - se_V_WORK_UNIT_START_FLAG.0 - Finished processing (I=0, O=0, R=1, W=1, U=0, E=0)
2023/06/26 20:25:20 - jb_work_unit - Starting entry [se-start]
2023/06/26 20:25:20 - jb_work_unit - Starting entry [wrt-start-execution_check]
2023/06/26 20:25:20 - *** INFO: EXECUTION STARTED - START CHECK PERFORMED *** -  
2023/06/26 20:25:20 - jb_work_unit - Starting entry [tr_upd_job_control_work_unit_running]
2023/06/26 20:25:20 - tr_upd_job_control_work_unit_running - Using run configuration [Pentaho local]
2023/06/26 20:25:20 - tr_upd_job_control_work_unit - Dispatching started for transformation [tr_upd_job_control_work_unit]
2023/06/26 20:25:20 - gv-execution-variables.0 - Finished processing (I=0, O=0, R=1, W=1, U=0, E=0)
2023/06/26 20:25:20 - logtime.0 - Finished processing (I=0, O=0, R=1, W=1, U=0, E=0)
2023/06/26 20:25:20 - sw_status.0 - Finished processing (I=0, O=0, R=1, W=1, U=0, E=0)
2023/06/26 20:25:20 - start.0 - Finished processing (I=0, O=0, R=1, W=1, U=0, E=0)
2023/06/26 20:25:20 - iu-start_job_control.0 - Finished processing (I=1, O=1, R=1, W=1, U=0, E=0)
2023/06/26 20:25:20 - jb_work_unit - Starting entry [se-is-job?]
2023/06/26 20:25:20 - jb_work_unit - Starting entry [tr-execute-transformation]
2023/06/26 20:25:20 - tr-execute-transformation - Using run configuration [Pentaho local]
2023/06/26 20:25:20 - tr_load_organisation_msxls - Dispatching started for transformation [tr_load_organisation_msxls]
2023/06/26 20:25:21 - msxlsi-ressources_2.0 - Finished processing (I=5, O=0, R=0, W=5, U=0, E=0)
2023/06/26 20:25:21 - msxlsi-ressources_1.0 - Finished processing (I=6, O=0, R=0, W=6, U=0, E=0)
2023/06/26 20:25:21 - msxlsi-rh.0 - Finished processing (I=11, O=0, R=0, W=11, U=0, E=0)
2023/06/26 20:25:22 - as-rh_ressources_1.0 - Finished processing (I=0, O=0, R=17, W=17, U=0, E=0)
2023/06/26 20:25:22 - as-rh_ressources_1_ressources_2.0 - Finished processing (I=0, O=0, R=22, W=22, U=0, E=0)
2023/06/26 20:25:22 - msxlso-organisation.0 - Finished processing (I=0, O=22, R=22, W=22, U=0, E=0)
2023/06/26 20:25:22 - jb_work_unit - Starting entry [tr_upd_job_control_work_unit_success]
2023/06/26 20:25:22 - tr_upd_job_control_work_unit_success - Using run configuration [Pentaho local]
2023/06/26 20:25:22 - tr_upd_job_control_work_unit - Dispatching started for transformation [tr_upd_job_control_work_unit]
2023/06/26 20:25:22 - gv-execution-variables.0 - Finished processing (I=0, O=0, R=1, W=1, U=0, E=0)
2023/06/26 20:25:22 - logtime.0 - Finished processing (I=0, O=0, R=1, W=1, U=0, E=0)
2023/06/26 20:25:22 - sw_status.0 - Finished processing (I=0, O=0, R=1, W=1, U=0, E=0)
2023/06/26 20:25:22 - success_error.0 - Finished processing (I=0, O=0, R=1, W=1, U=0, E=0)
2023/06/26 20:25:22 - u_job_control.0 - Finished processing (I=1, O=0, R=1, W=1, U=1, E=0)
2023/06/26 20:25:22 - jb_work_unit - Starting entry [se_is_last_unit]
2023/06/26 20:25:22 - jb_work_unit - Starting entry [Success]
2023/06/26 20:25:22 - jb_work_unit - Finished job entry [Success] (result=[true])
2023/06/26 20:25:22 - jb_work_unit - Finished job entry [se_is_last_unit] (result=[true])
2023/06/26 20:25:22 - jb_work_unit - Finished job entry [tr_upd_job_control_work_unit_success] (result=[true])
2023/06/26 20:25:22 - jb_work_unit - Finished job entry [tr-execute-transformation] (result=[true])
2023/06/26 20:25:22 - jb_work_unit - Finished job entry [se-is-job?] (result=[true])
2023/06/26 20:25:22 - jb_work_unit - Finished job entry [tr_upd_job_control_work_unit_running] (result=[true])
2023/06/26 20:25:22 - jb_work_unit - Finished job entry [wrt-start-execution_check] (result=[true])
2023/06/26 20:25:22 - jb_work_unit - Finished job entry [se-start] (result=[true])
2023/06/26 20:25:22 - jb_work_unit - Finished job entry [tr_work_unit_start_check] (result=[true])
2023/06/26 20:25:22 - jb_work_unit - Finished job entry [se-check_start?] (result=[true])
2023/06/26 20:25:22 - jb_work_unit - Finished job entry [jb_load_work_unit_env] (result=[true])
2023/06/26 20:25:22 - jb_work_unit - Finished job entry [wtl_work_unit_conditions] (result=[true])
2023/06/26 20:25:22 - jb_main_rh_dwh_staging - Starting entry [jb_load_work_unit-tr_load_stg_collaborateur]
2023/06/26 20:25:22 - jb_load_work_unit-tr_load_stg_collaborateur - Using run configuration [Pentaho local]
2023/06/26 20:25:22 - jb_work_unit - Starting entry [wtl_work_unit_conditions]
2023/06/26 20:25:22 - *** INFO: STARTING WORK UNIT:  tr_stg_collaborateur *** - P_PROJECT_NAME: rh_dwh
V_JOB_NAME: jb_main_rh_dwh_staging
P_WORK_UNIT_NAME: tr_stg_collaborateur
P_WORK_UNIT_TYPE: transformation
P_WORK_UNIT_PATH: ${STG_WORK_UNIT_PATH}
P_IS_LAST_UNIT: N
P_CHECK_START: Y
2023/06/26 20:25:22 - jb_work_unit - Starting entry [jb_load_work_unit_env]
2023/06/26 20:25:22 - jb_load_work_unit_env - Using run configuration [Pentaho local]
2023/06/26 20:25:22 - jb_load_work_unit_env - Starting entry [wtl-work_unit_environment]
2023/06/26 20:25:22 - *** INFO: LOADING WORK UNIT ENVIRONMENT FOR tr_stg_collaborateur -  
2023/06/26 20:25:22 - jb_load_work_unit_env - Starting entry [fe-project]
2023/06/26 20:25:22 - jb_load_work_unit_env - Starting entry [sv-project]
2023/06/26 20:25:22 - jb_load_work_unit_env - Finished job entry [sv-project] (result=[true])
2023/06/26 20:25:22 - jb_load_work_unit_env - Starting entry [fe-work_unit]
2023/06/26 20:25:22 - jb_load_work_unit_env - Starting entry [Success]
2023/06/26 20:25:22 - jb_load_work_unit_env - Finished job entry [Success] (result=[true])
2023/06/26 20:25:22 - jb_load_work_unit_env - Starting entry [sv-work_unit]
2023/06/26 20:25:22 - jb_load_work_unit_env - Finished job entry [sv-work_unit] (result=[true])
2023/06/26 20:25:22 - jb_load_work_unit_env - Finished job entry [fe-work_unit] (result=[true])
2023/06/26 20:25:22 - jb_load_work_unit_env - Finished job entry [fe-project] (result=[true])
2023/06/26 20:25:22 - jb_load_work_unit_env - Finished job entry [wtl-work_unit_environment] (result=[true])
2023/06/26 20:25:22 - jb_work_unit - Starting entry [se-check_start?]
2023/06/26 20:25:22 - jb_work_unit - Starting entry [tr_work_unit_start_check]
2023/06/26 20:25:22 - tr_work_unit_start_check - Using run configuration [Pentaho local]
2023/06/26 20:25:22 - tr_work_unit_start_check - Dispatching started for transformation [tr_work_unit_start_check]
2023/06/26 20:25:23 - ti-check-status.0 - Finished reading query, closing connection
2023/06/26 20:25:23 - dtempty-work_unit_start_check.0 - Finished processing (I=0, O=0, R=0, W=1, U=0, E=0)
2023/06/26 20:25:23 - se_V_WORK_UNIT_START_FLAG.0 - Setting environment variables...
2023/06/26 20:25:23 - se_V_WORK_UNIT_START_FLAG.0 - Set variable V_WORK_UNIT_START_FLAG to value [Y]
2023/06/26 20:25:23 - se_V_WORK_UNIT_START_FLAG.0 - Set variable V_PREVIOUS_WORK_UNIT_EXECUTION_STATUS to value [finished]
2023/06/26 20:25:23 - ifnull-status.0 - Finished processing (I=0, O=0, R=1, W=1, U=0, E=0)
2023/06/26 20:25:23 - start = yes on empty.0 - Finished processing (I=0, O=0, R=1, W=1, U=0, E=0)
2023/06/26 20:25:23 - se_V_WORK_UNIT_START_FLAG.0 - Finished after 1 rows.
2023/06/26 20:25:23 - se_V_WORK_UNIT_START_FLAG.0 - Finished processing (I=0, O=0, R=1, W=1, U=0, E=0)
2023/06/26 20:25:23 - jb_work_unit - Starting entry [se-start]
2023/06/26 20:25:23 - jb_work_unit - Starting entry [wrt-start-execution_check]
2023/06/26 20:25:23 - *** INFO: EXECUTION STARTED - START CHECK PERFORMED *** -  
2023/06/26 20:25:23 - jb_work_unit - Starting entry [tr_upd_job_control_work_unit_running]
2023/06/26 20:25:23 - tr_upd_job_control_work_unit_running - Using run configuration [Pentaho local]
2023/06/26 20:25:23 - tr_upd_job_control_work_unit - Dispatching started for transformation [tr_upd_job_control_work_unit]
2023/06/26 20:25:23 - gv-execution-variables.0 - Finished processing (I=0, O=0, R=1, W=1, U=0, E=0)
2023/06/26 20:25:23 - logtime.0 - Finished processing (I=0, O=0, R=1, W=1, U=0, E=0)
2023/06/26 20:25:23 - sw_status.0 - Finished processing (I=0, O=0, R=1, W=1, U=0, E=0)
2023/06/26 20:25:23 - start.0 - Finished processing (I=0, O=0, R=1, W=1, U=0, E=0)
2023/06/26 20:25:23 - iu-start_job_control.0 - Finished processing (I=1, O=1, R=1, W=1, U=0, E=0)
2023/06/26 20:25:23 - jb_work_unit - Starting entry [se-is-job?]
2023/06/26 20:25:23 - jb_work_unit - Starting entry [tr-execute-transformation]
2023/06/26 20:25:23 - tr-execute-transformation - Using run configuration [Pentaho local]
2023/06/26 20:25:23 - tr_load_sas_collaborateur - Dispatching started for transformation [tr_load_sas_collaborateur]
2023/06/26 20:25:23 - to-stg_collaborateur.0 - Connected to database [rh_stg_db_conn] (commit=1000)
2023/06/26 20:25:23 - exsqls-upd_stg_collab_set_upper(lb_v_nom_collab).0 - Finished reading query, closing connection.
2023/06/26 20:25:23 - exsqls-upd_stg_collab_set_upper(lb_v_nom_collab).0 - Finished processing (I=0, O=0, R=0, W=1, U=0, E=0)
2023/06/26 20:25:23 - msxlsi-organisation.0 - Finished processing (I=22, O=0, R=0, W=22, U=0, E=0)
2023/06/26 20:25:23 - sv-sas_collaborateur.0 - Finished processing (I=0, O=0, R=22, W=22, U=0, E=0)
2023/06/26 20:25:23 - sr-cd_v_ident_collab.0 - Finished processing (I=0, O=0, R=22, W=22, U=0, E=0)
2023/06/26 20:25:23 - ur-cd_v_ident_collab.0 - Finished processing (I=0, O=0, R=22, W=20, U=0, E=0)
2023/06/26 20:25:23 - ac_cd_v_actif.0 - Finished processing (I=0, O=0, R=20, W=20, U=0, E=0)
2023/06/26 20:25:23 - to-stg_collaborateur.0 - Finished processing (I=0, O=20, R=20, W=20, U=0, E=0)
2023/06/26 20:25:23 - jb_work_unit - Starting entry [tr_upd_job_control_work_unit_success]
2023/06/26 20:25:23 - tr_upd_job_control_work_unit_success - Using run configuration [Pentaho local]
2023/06/26 20:25:23 - tr_upd_job_control_work_unit - Dispatching started for transformation [tr_upd_job_control_work_unit]
2023/06/26 20:25:23 - gv-execution-variables.0 - Finished processing (I=0, O=0, R=1, W=1, U=0, E=0)
2023/06/26 20:25:23 - logtime.0 - Finished processing (I=0, O=0, R=1, W=1, U=0, E=0)
2023/06/26 20:25:23 - sw_status.0 - Finished processing (I=0, O=0, R=1, W=1, U=0, E=0)
2023/06/26 20:25:23 - success_error.0 - Finished processing (I=0, O=0, R=1, W=1, U=0, E=0)
2023/06/26 20:25:23 - u_job_control.0 - Finished processing (I=1, O=0, R=1, W=1, U=1, E=0)
2023/06/26 20:25:23 - jb_work_unit - Starting entry [se_is_last_unit]
2023/06/26 20:25:23 - jb_work_unit - Starting entry [Success]
2023/06/26 20:25:23 - jb_work_unit - Finished job entry [Success] (result=[true])
2023/06/26 20:25:23 - jb_work_unit - Finished job entry [se_is_last_unit] (result=[true])
2023/06/26 20:25:23 - jb_work_unit - Finished job entry [tr_upd_job_control_work_unit_success] (result=[true])
2023/06/26 20:25:23 - jb_work_unit - Finished job entry [tr-execute-transformation] (result=[true])
2023/06/26 20:25:23 - jb_work_unit - Finished job entry [se-is-job?] (result=[true])
2023/06/26 20:25:23 - jb_work_unit - Finished job entry [tr_upd_job_control_work_unit_running] (result=[true])
2023/06/26 20:25:23 - jb_work_unit - Finished job entry [wrt-start-execution_check] (result=[true])
2023/06/26 20:25:23 - jb_work_unit - Finished job entry [se-start] (result=[true])
2023/06/26 20:25:23 - jb_work_unit - Finished job entry [tr_work_unit_start_check] (result=[true])
2023/06/26 20:25:23 - jb_work_unit - Finished job entry [se-check_start?] (result=[true])
2023/06/26 20:25:23 - jb_work_unit - Finished job entry [jb_load_work_unit_env] (result=[true])
2023/06/26 20:25:23 - jb_work_unit - Finished job entry [wtl_work_unit_conditions] (result=[true])
2023/06/26 20:25:23 - jb_main_rh_dwh_staging - Starting entry [jb_load_work_unit-tr_stg_type_collaborateur]
2023/06/26 20:25:23 - jb_load_work_unit-tr_stg_type_collaborateur - Using run configuration [Pentaho local]
2023/06/26 20:25:23 - jb_work_unit - Starting entry [wtl_work_unit_conditions]
2023/06/26 20:25:23 - *** INFO: STARTING WORK UNIT:  tr_stg_type_collaborateur *** - P_PROJECT_NAME: rh_dwh
V_JOB_NAME: jb_main_rh_dwh_staging
P_WORK_UNIT_NAME: tr_stg_type_collaborateur
P_WORK_UNIT_TYPE: transformation
P_WORK_UNIT_PATH: ${STG_WORK_UNIT_PATH}
P_IS_LAST_UNIT: N
P_CHECK_START: Y
2023/06/26 20:25:23 - jb_work_unit - Starting entry [jb_load_work_unit_env]
2023/06/26 20:25:23 - jb_load_work_unit_env - Using run configuration [Pentaho local]
2023/06/26 20:25:23 - jb_load_work_unit_env - Starting entry [wtl-work_unit_environment]
2023/06/26 20:25:23 - *** INFO: LOADING WORK UNIT ENVIRONMENT FOR tr_stg_type_collaborateur -  
2023/06/26 20:25:23 - jb_load_work_unit_env - Starting entry [fe-project]
2023/06/26 20:25:23 - jb_load_work_unit_env - Starting entry [sv-project]
2023/06/26 20:25:23 - jb_load_work_unit_env - Finished job entry [sv-project] (result=[true])
2023/06/26 20:25:23 - jb_load_work_unit_env - Starting entry [fe-work_unit]
2023/06/26 20:25:23 - jb_load_work_unit_env - Starting entry [Success]
2023/06/26 20:25:23 - jb_load_work_unit_env - Finished job entry [Success] (result=[true])
2023/06/26 20:25:23 - jb_load_work_unit_env - Starting entry [sv-work_unit]
2023/06/26 20:25:23 - jb_load_work_unit_env - Finished job entry [sv-work_unit] (result=[true])
2023/06/26 20:25:23 - jb_load_work_unit_env - Finished job entry [fe-work_unit] (result=[true])
2023/06/26 20:25:23 - jb_load_work_unit_env - Finished job entry [fe-project] (result=[true])
2023/06/26 20:25:23 - jb_load_work_unit_env - Finished job entry [wtl-work_unit_environment] (result=[true])
2023/06/26 20:25:23 - jb_work_unit - Starting entry [se-check_start?]
2023/06/26 20:25:23 - jb_work_unit - Starting entry [tr_work_unit_start_check]
2023/06/26 20:25:23 - tr_work_unit_start_check - Using run configuration [Pentaho local]
2023/06/26 20:25:23 - tr_work_unit_start_check - Dispatching started for transformation [tr_work_unit_start_check]
2023/06/26 20:25:24 - ti-check-status.0 - Finished reading query, closing connection
2023/06/26 20:25:24 - dtempty-work_unit_start_check.0 - Finished processing (I=0, O=0, R=0, W=1, U=0, E=0)
2023/06/26 20:25:24 - se_V_WORK_UNIT_START_FLAG.0 - Setting environment variables...
2023/06/26 20:25:24 - se_V_WORK_UNIT_START_FLAG.0 - Set variable V_WORK_UNIT_START_FLAG to value [Y]
2023/06/26 20:25:24 - se_V_WORK_UNIT_START_FLAG.0 - Set variable V_PREVIOUS_WORK_UNIT_EXECUTION_STATUS to value [finished]
2023/06/26 20:25:24 - ifnull-status.0 - Finished processing (I=0, O=0, R=1, W=1, U=0, E=0)
2023/06/26 20:25:24 - start = yes on empty.0 - Finished processing (I=0, O=0, R=1, W=1, U=0, E=0)
2023/06/26 20:25:24 - se_V_WORK_UNIT_START_FLAG.0 - Finished after 1 rows.
2023/06/26 20:25:24 - se_V_WORK_UNIT_START_FLAG.0 - Finished processing (I=0, O=0, R=1, W=1, U=0, E=0)
2023/06/26 20:25:24 - jb_work_unit - Starting entry [se-start]
2023/06/26 20:25:24 - jb_work_unit - Starting entry [wrt-start-execution_check]
2023/06/26 20:25:24 - *** INFO: EXECUTION STARTED - START CHECK PERFORMED *** -  
2023/06/26 20:25:24 - jb_work_unit - Starting entry [tr_upd_job_control_work_unit_running]
2023/06/26 20:25:24 - tr_upd_job_control_work_unit_running - Using run configuration [Pentaho local]
2023/06/26 20:25:24 - tr_upd_job_control_work_unit - Dispatching started for transformation [tr_upd_job_control_work_unit]
2023/06/26 20:25:24 - gv-execution-variables.0 - Finished processing (I=0, O=0, R=1, W=1, U=0, E=0)
2023/06/26 20:25:24 - logtime.0 - Finished processing (I=0, O=0, R=1, W=1, U=0, E=0)
2023/06/26 20:25:24 - sw_status.0 - Finished processing (I=0, O=0, R=1, W=1, U=0, E=0)
2023/06/26 20:25:24 - start.0 - Finished processing (I=0, O=0, R=1, W=1, U=0, E=0)
2023/06/26 20:25:24 - iu-start_job_control.0 - Finished processing (I=1, O=1, R=1, W=1, U=0, E=0)
2023/06/26 20:25:24 - jb_work_unit - Starting entry [se-is-job?]
2023/06/26 20:25:24 - jb_work_unit - Starting entry [tr-execute-transformation]
2023/06/26 20:25:24 - tr-execute-transformation - Using run configuration [Pentaho local]
2023/06/26 20:25:24 - tr_load_stg_type_collaborateur - Dispatching started for transformation [tr_load_stg_type_collaborateur]
2023/06/26 20:25:24 - to-load_stg_type_collaborateur.0 - Connected to database [rh_stg_db_conn] (commit=1000)
2023/06/26 20:25:24 - ti-stg_collaborateur.0 - Finished reading query, closing connection
2023/06/26 20:25:24 - ti-stg_collaborateur.0 - Finished processing (I=2, O=0, R=0, W=2, U=0, E=0)
2023/06/26 20:25:24 - to-load_stg_type_collaborateur.0 - Finished processing (I=0, O=2, R=2, W=2, U=0, E=0)
2023/06/26 20:25:24 - jb_work_unit - Starting entry [tr_upd_job_control_work_unit_success]
2023/06/26 20:25:24 - tr_upd_job_control_work_unit_success - Using run configuration [Pentaho local]
2023/06/26 20:25:24 - tr_upd_job_control_work_unit - Dispatching started for transformation [tr_upd_job_control_work_unit]
2023/06/26 20:25:24 - gv-execution-variables.0 - Finished processing (I=0, O=0, R=1, W=1, U=0, E=0)
2023/06/26 20:25:24 - logtime.0 - Finished processing (I=0, O=0, R=1, W=1, U=0, E=0)
2023/06/26 20:25:24 - sw_status.0 - Finished processing (I=0, O=0, R=1, W=1, U=0, E=0)
2023/06/26 20:25:24 - success_error.0 - Finished processing (I=0, O=0, R=1, W=1, U=0, E=0)
2023/06/26 20:25:24 - u_job_control.0 - Finished processing (I=1, O=0, R=1, W=1, U=1, E=0)
2023/06/26 20:25:24 - jb_work_unit - Starting entry [se_is_last_unit]
2023/06/26 20:25:24 - jb_work_unit - Starting entry [Success]
2023/06/26 20:25:24 - jb_work_unit - Finished job entry [Success] (result=[true])
2023/06/26 20:25:24 - jb_work_unit - Finished job entry [se_is_last_unit] (result=[true])
2023/06/26 20:25:24 - jb_work_unit - Finished job entry [tr_upd_job_control_work_unit_success] (result=[true])
2023/06/26 20:25:24 - jb_work_unit - Finished job entry [tr-execute-transformation] (result=[true])
2023/06/26 20:25:24 - jb_work_unit - Finished job entry [se-is-job?] (result=[true])
2023/06/26 20:25:24 - jb_work_unit - Finished job entry [tr_upd_job_control_work_unit_running] (result=[true])
2023/06/26 20:25:24 - jb_work_unit - Finished job entry [wrt-start-execution_check] (result=[true])
2023/06/26 20:25:24 - jb_work_unit - Finished job entry [se-start] (result=[true])
2023/06/26 20:25:24 - jb_work_unit - Finished job entry [tr_work_unit_start_check] (result=[true])
2023/06/26 20:25:24 - jb_work_unit - Finished job entry [se-check_start?] (result=[true])
2023/06/26 20:25:24 - jb_work_unit - Finished job entry [jb_load_work_unit_env] (result=[true])
2023/06/26 20:25:24 - jb_work_unit - Finished job entry [wtl_work_unit_conditions] (result=[true])
2023/06/26 20:25:24 - jb_main_rh_dwh_staging - Starting entry [jb_load_work_unit-tr_stg_service_societe_stg_collaborateur_collaborateur_service]
2023/06/26 20:25:24 - jb_load_work_unit-tr_stg_service_societe_stg_collaborateur_collaborateur_service - Using run configuration [Pentaho local]
2023/06/26 20:25:24 - jb_work_unit - Starting entry [wtl_work_unit_conditions]
2023/06/26 20:25:24 - *** INFO: STARTING WORK UNIT:  tr_stg_service_societe_upd_stg_collaborateur_collaborateur_service *** - P_PROJECT_NAME: rh_dwh
V_JOB_NAME: jb_main_rh_dwh_staging
P_WORK_UNIT_NAME: tr_stg_service_societe_upd_stg_collaborateur_collaborateur_service
P_WORK_UNIT_TYPE: transformation
P_WORK_UNIT_PATH: ${STG_WORK_UNIT_PATH}
P_IS_LAST_UNIT: N
P_CHECK_START: Y
2023/06/26 20:25:24 - jb_work_unit - Starting entry [jb_load_work_unit_env]
2023/06/26 20:25:24 - jb_load_work_unit_env - Using run configuration [Pentaho local]
2023/06/26 20:25:24 - jb_load_work_unit_env - Starting entry [wtl-work_unit_environment]
2023/06/26 20:25:24 - *** INFO: LOADING WORK UNIT ENVIRONMENT FOR tr_stg_service_societe_upd_stg_collaborateur_collaborateur_service -  
2023/06/26 20:25:24 - jb_load_work_unit_env - Starting entry [fe-project]
2023/06/26 20:25:24 - jb_load_work_unit_env - Starting entry [sv-project]
2023/06/26 20:25:24 - jb_load_work_unit_env - Finished job entry [sv-project] (result=[true])
2023/06/26 20:25:24 - jb_load_work_unit_env - Starting entry [fe-work_unit]
2023/06/26 20:25:24 - jb_load_work_unit_env - Starting entry [Success]
2023/06/26 20:25:24 - jb_load_work_unit_env - Finished job entry [Success] (result=[true])
2023/06/26 20:25:24 - jb_load_work_unit_env - Starting entry [sv-work_unit]
2023/06/26 20:25:24 - jb_load_work_unit_env - Finished job entry [sv-work_unit] (result=[true])
2023/06/26 20:25:24 - jb_load_work_unit_env - Finished job entry [fe-work_unit] (result=[true])
2023/06/26 20:25:24 - jb_load_work_unit_env - Finished job entry [fe-project] (result=[true])
2023/06/26 20:25:24 - jb_load_work_unit_env - Finished job entry [wtl-work_unit_environment] (result=[true])
2023/06/26 20:25:24 - jb_work_unit - Starting entry [se-check_start?]
2023/06/26 20:25:24 - jb_work_unit - Starting entry [tr_work_unit_start_check]
2023/06/26 20:25:24 - tr_work_unit_start_check - Using run configuration [Pentaho local]
2023/06/26 20:25:24 - tr_work_unit_start_check - Dispatching started for transformation [tr_work_unit_start_check]
2023/06/26 20:25:24 - ti-check-status.0 - Finished reading query, closing connection
2023/06/26 20:25:25 - dtempty-work_unit_start_check.0 - Finished processing (I=0, O=0, R=0, W=1, U=0, E=0)
2023/06/26 20:25:25 - se_V_WORK_UNIT_START_FLAG.0 - Setting environment variables...
2023/06/26 20:25:25 - se_V_WORK_UNIT_START_FLAG.0 - Set variable V_WORK_UNIT_START_FLAG to value [Y]
2023/06/26 20:25:25 - se_V_WORK_UNIT_START_FLAG.0 - Set variable V_PREVIOUS_WORK_UNIT_EXECUTION_STATUS to value [finished]
2023/06/26 20:25:25 - ifnull-status.0 - Finished processing (I=0, O=0, R=1, W=1, U=0, E=0)
2023/06/26 20:25:25 - start = yes on empty.0 - Finished processing (I=0, O=0, R=1, W=1, U=0, E=0)
2023/06/26 20:25:25 - se_V_WORK_UNIT_START_FLAG.0 - Finished after 1 rows.
2023/06/26 20:25:25 - se_V_WORK_UNIT_START_FLAG.0 - Finished processing (I=0, O=0, R=1, W=1, U=0, E=0)
2023/06/26 20:25:25 - jb_work_unit - Starting entry [se-start]
2023/06/26 20:25:25 - jb_work_unit - Starting entry [wrt-start-execution_check]
2023/06/26 20:25:25 - *** INFO: EXECUTION STARTED - START CHECK PERFORMED *** -  
2023/06/26 20:25:25 - jb_work_unit - Starting entry [tr_upd_job_control_work_unit_running]
2023/06/26 20:25:25 - tr_upd_job_control_work_unit_running - Using run configuration [Pentaho local]
2023/06/26 20:25:25 - tr_upd_job_control_work_unit - Dispatching started for transformation [tr_upd_job_control_work_unit]
2023/06/26 20:25:25 - gv-execution-variables.0 - Finished processing (I=0, O=0, R=1, W=1, U=0, E=0)
2023/06/26 20:25:25 - logtime.0 - Finished processing (I=0, O=0, R=1, W=1, U=0, E=0)
2023/06/26 20:25:25 - sw_status.0 - Finished processing (I=0, O=0, R=1, W=1, U=0, E=0)
2023/06/26 20:25:25 - start.0 - Finished processing (I=0, O=0, R=1, W=1, U=0, E=0)
2023/06/26 20:25:25 - iu-start_job_control.0 - Finished processing (I=1, O=1, R=1, W=1, U=0, E=0)
2023/06/26 20:25:25 - jb_work_unit - Starting entry [se-is-job?]
2023/06/26 20:25:25 - jb_work_unit - Starting entry [tr-execute-transformation]
2023/06/26 20:25:25 - tr-execute-transformation - Using run configuration [Pentaho local]
2023/06/26 20:25:25 - tr_load_stg_service_societe_upd_stg_collaborateur_collaborateur_service - Dispatching started for transformation [tr_load_stg_service_societe_upd_stg_collaborateur_collaborateur_service]
2023/06/26 20:25:25 - to-load_stg_collaborateur_service.0 - Connected to database [rh_stg_db_conn] (commit=1000)
2023/06/26 20:25:25 - to-load_stg_service.0 - Connected to database [rh_stg_db_conn] (commit=1000)
2023/06/26 20:25:25 - to-load_stg_societe.0 - Connected to database [rh_stg_db_conn] (commit=1000)
2023/06/26 20:25:26 - msxls-Badges.0 - Finished processing (I=25, O=0, R=0, W=100, U=0, E=0)
2023/06/26 20:25:26 - sv-sas_collaborateurs_service.0 - Finished processing (I=0, O=0, R=25, W=25, U=0, E=0)
2023/06/26 20:25:26 - sv-actif.0 - Finished processing (I=0, O=0, R=25, W=25, U=0, E=0)
2023/06/26 20:25:26 - sv-sas_service.0 - Finished processing (I=0, O=0, R=25, W=25, U=0, E=0)
2023/06/26 20:25:26 - sv-sas_societe.0 - Finished processing (I=0, O=0, R=25, W=25, U=0, E=0)
2023/06/26 20:25:26 - sr-cd_v_ident_collab.0 - Finished processing (I=0, O=0, R=25, W=25, U=0, E=0)
2023/06/26 20:25:26 - calc-upper_cd_v_actif.0 - Finished processing (I=0, O=0, R=25, W=25, U=0, E=0)
2023/06/26 20:25:26 - to-load_stg_collaborateur_service.0 - Finished processing (I=0, O=25, R=25, W=25, U=0, E=0)
2023/06/26 20:25:26 - ur-cd_v_ident_collab.0 - Finished processing (I=0, O=0, R=25, W=25, U=0, E=0)
2023/06/26 20:25:26 - sr_cd_v_ident_collab.0 - Finished processing (I=0, O=0, R=25, W=25, U=0, E=0)
2023/06/26 20:25:26 - vm-lb_v_societe.0 - Finished processing (I=0, O=0, R=25, W=25, U=0, E=0)
2023/06/26 20:25:26 - ur-dc_v_ident_collab.0 - Finished processing (I=0, O=0, R=25, W=25, U=0, E=0)
2023/06/26 20:25:26 - frmla-cd_v_actif.0 - Finished processing (I=0, O=0, R=25, W=25, U=0, E=0)
2023/06/26 20:25:26 - vm-lb_v_service.0 - Finished processing (I=0, O=0, R=25, W=25, U=0, E=0)
2023/06/26 20:25:26 - to-load_stg_societe.0 - Finished processing (I=0, O=25, R=25, W=25, U=0, E=0)
2023/06/26 20:25:26 - to-load_stg_service.0 - Finished processing (I=0, O=25, R=25, W=25, U=0, E=0)
2023/06/26 20:25:26 - upd-stg_collaborateur.0 - Finished processing (I=25, O=0, R=25, W=25, U=20, E=0)
2023/06/26 20:25:26 - jb_work_unit - Starting entry [tr_upd_job_control_work_unit_success]
2023/06/26 20:25:26 - tr_upd_job_control_work_unit_success - Using run configuration [Pentaho local]
2023/06/26 20:25:26 - tr_upd_job_control_work_unit - Dispatching started for transformation [tr_upd_job_control_work_unit]
2023/06/26 20:25:26 - gv-execution-variables.0 - Finished processing (I=0, O=0, R=1, W=1, U=0, E=0)
2023/06/26 20:25:26 - logtime.0 - Finished processing (I=0, O=0, R=1, W=1, U=0, E=0)
2023/06/26 20:25:26 - sw_status.0 - Finished processing (I=0, O=0, R=1, W=1, U=0, E=0)
2023/06/26 20:25:26 - success_error.0 - Finished processing (I=0, O=0, R=1, W=1, U=0, E=0)
2023/06/26 20:25:26 - u_job_control.0 - Finished processing (I=1, O=0, R=1, W=1, U=1, E=0)
2023/06/26 20:25:26 - jb_work_unit - Starting entry [se_is_last_unit]
2023/06/26 20:25:26 - jb_work_unit - Starting entry [Success]
2023/06/26 20:25:26 - jb_work_unit - Finished job entry [Success] (result=[true])
2023/06/26 20:25:26 - jb_work_unit - Finished job entry [se_is_last_unit] (result=[true])
2023/06/26 20:25:26 - jb_work_unit - Finished job entry [tr_upd_job_control_work_unit_success] (result=[true])
2023/06/26 20:25:26 - jb_work_unit - Finished job entry [tr-execute-transformation] (result=[true])
2023/06/26 20:25:26 - jb_work_unit - Finished job entry [se-is-job?] (result=[true])
2023/06/26 20:25:26 - jb_work_unit - Finished job entry [tr_upd_job_control_work_unit_running] (result=[true])
2023/06/26 20:25:26 - jb_work_unit - Finished job entry [wrt-start-execution_check] (result=[true])
2023/06/26 20:25:26 - jb_work_unit - Finished job entry [se-start] (result=[true])
2023/06/26 20:25:26 - jb_work_unit - Finished job entry [tr_work_unit_start_check] (result=[true])
2023/06/26 20:25:26 - jb_work_unit - Finished job entry [se-check_start?] (result=[true])
2023/06/26 20:25:26 - jb_work_unit - Finished job entry [jb_load_work_unit_env] (result=[true])
2023/06/26 20:25:26 - jb_work_unit - Finished job entry [wtl_work_unit_conditions] (result=[true])
2023/06/26 20:25:26 - jb_main_rh_dwh_staging - Starting entry [jb_load_work_unit-tr_load_stg_effectifs]
2023/06/26 20:25:26 - jb_load_work_unit-tr_load_stg_effectifs - Using run configuration [Pentaho local]
2023/06/26 20:25:26 - jb_work_unit - Starting entry [wtl_work_unit_conditions]
2023/06/26 20:25:26 - *** INFO: STARTING WORK UNIT:  tr_stg_effectifs *** - P_PROJECT_NAME: rh_dwh
V_JOB_NAME: jb_main_rh_dwh_staging
P_WORK_UNIT_NAME: tr_stg_effectifs
P_WORK_UNIT_TYPE: transformation
P_WORK_UNIT_PATH: ${STG_WORK_UNIT_PATH}
P_IS_LAST_UNIT: Y
P_CHECK_START: Y
2023/06/26 20:25:26 - jb_work_unit - Starting entry [jb_load_work_unit_env]
2023/06/26 20:25:26 - jb_load_work_unit_env - Using run configuration [Pentaho local]
2023/06/26 20:25:26 - jb_load_work_unit_env - Starting entry [wtl-work_unit_environment]
2023/06/26 20:25:26 - *** INFO: LOADING WORK UNIT ENVIRONMENT FOR tr_stg_effectifs -  
2023/06/26 20:25:26 - jb_load_work_unit_env - Starting entry [fe-project]
2023/06/26 20:25:26 - jb_load_work_unit_env - Starting entry [sv-project]
2023/06/26 20:25:26 - jb_load_work_unit_env - Finished job entry [sv-project] (result=[true])
2023/06/26 20:25:26 - jb_load_work_unit_env - Starting entry [fe-work_unit]
2023/06/26 20:25:26 - jb_load_work_unit_env - Starting entry [Success]
2023/06/26 20:25:26 - jb_load_work_unit_env - Finished job entry [Success] (result=[true])
2023/06/26 20:25:26 - jb_load_work_unit_env - Starting entry [sv-work_unit]
2023/06/26 20:25:26 - jb_load_work_unit_env - Finished job entry [sv-work_unit] (result=[true])
2023/06/26 20:25:26 - jb_load_work_unit_env - Finished job entry [fe-work_unit] (result=[true])
2023/06/26 20:25:26 - jb_load_work_unit_env - Finished job entry [fe-project] (result=[true])
2023/06/26 20:25:26 - jb_load_work_unit_env - Finished job entry [wtl-work_unit_environment] (result=[true])
2023/06/26 20:25:26 - jb_work_unit - Starting entry [se-check_start?]
2023/06/26 20:25:26 - jb_work_unit - Starting entry [tr_work_unit_start_check]
2023/06/26 20:25:26 - tr_work_unit_start_check - Using run configuration [Pentaho local]
2023/06/26 20:25:26 - tr_work_unit_start_check - Dispatching started for transformation [tr_work_unit_start_check]
2023/06/26 20:25:26 - ti-check-status.0 - Finished reading query, closing connection
2023/06/26 20:25:26 - dtempty-work_unit_start_check.0 - Finished processing (I=0, O=0, R=0, W=1, U=0, E=0)
2023/06/26 20:25:26 - se_V_WORK_UNIT_START_FLAG.0 - Setting environment variables...
2023/06/26 20:25:26 - se_V_WORK_UNIT_START_FLAG.0 - Set variable V_WORK_UNIT_START_FLAG to value [Y]
2023/06/26 20:25:26 - se_V_WORK_UNIT_START_FLAG.0 - Set variable V_PREVIOUS_WORK_UNIT_EXECUTION_STATUS to value [finished]
2023/06/26 20:25:26 - ifnull-status.0 - Finished processing (I=0, O=0, R=1, W=1, U=0, E=0)
2023/06/26 20:25:26 - start = yes on empty.0 - Finished processing (I=0, O=0, R=1, W=1, U=0, E=0)
2023/06/26 20:25:26 - se_V_WORK_UNIT_START_FLAG.0 - Finished after 1 rows.
2023/06/26 20:25:26 - se_V_WORK_UNIT_START_FLAG.0 - Finished processing (I=0, O=0, R=1, W=1, U=0, E=0)
2023/06/26 20:25:26 - jb_work_unit - Starting entry [se-start]
2023/06/26 20:25:26 - jb_work_unit - Starting entry [wrt-start-execution_check]
2023/06/26 20:25:26 - *** INFO: EXECUTION STARTED - START CHECK PERFORMED *** -  
2023/06/26 20:25:26 - jb_work_unit - Starting entry [tr_upd_job_control_work_unit_running]
2023/06/26 20:25:26 - tr_upd_job_control_work_unit_running - Using run configuration [Pentaho local]
2023/06/26 20:25:26 - tr_upd_job_control_work_unit - Dispatching started for transformation [tr_upd_job_control_work_unit]
2023/06/26 20:25:26 - gv-execution-variables.0 - Finished processing (I=0, O=0, R=1, W=1, U=0, E=0)
2023/06/26 20:25:26 - logtime.0 - Finished processing (I=0, O=0, R=1, W=1, U=0, E=0)
2023/06/26 20:25:26 - sw_status.0 - Finished processing (I=0, O=0, R=1, W=1, U=0, E=0)
2023/06/26 20:25:26 - start.0 - Finished processing (I=0, O=0, R=1, W=1, U=0, E=0)
2023/06/26 20:25:26 - iu-start_job_control.0 - Finished processing (I=1, O=1, R=1, W=1, U=0, E=0)
2023/06/26 20:25:26 - jb_work_unit - Starting entry [se-is-job?]
2023/06/26 20:25:26 - jb_work_unit - Starting entry [tr-execute-transformation]
2023/06/26 20:25:26 - tr-execute-transformation - Using run configuration [Pentaho local]
2023/06/26 20:25:26 - tr_load_stg_effectifs - Dispatching started for transformation [tr_load_stg_effectifs]
2023/06/26 20:25:27 - to-stg_effectifs.0 - Connected to database [rh_stg_db_conn] (commit=1000)
2023/06/26 20:25:27 - ti-stg_collaborateurs.0 - Finished reading query, closing connection
2023/06/26 20:25:27 - ti-stg_collaborateurs.0 - Finished processing (I=20, O=0, R=0, W=20, U=0, E=0)
2023/06/26 20:25:27 - fr-dt_d_naissance.0 - Finished processing (I=0, O=0, R=20, W=20, U=0, E=0)
2023/06/26 20:25:27 - msxlso-collaborateurs_sans_date.0 - Finished processing (I=0, O=1, R=1, W=1, U=0, E=0)
2023/06/26 20:25:27 - dblkp-stg_collaborateur_service.0 - Finished processing (I=19, O=0, R=19, W=19, U=0, E=0)
2023/06/26 20:25:27 - sv-load_stg_effectifs.0 - Finished processing (I=0, O=0, R=19, W=19, U=0, E=0)
2023/06/26 20:25:27 - to-stg_effectifs.0 - Finished processing (I=0, O=19, R=19, W=19, U=0, E=0)
2023/06/26 20:25:27 - jb_work_unit - Starting entry [tr_upd_job_control_work_unit_success]
2023/06/26 20:25:27 - tr_upd_job_control_work_unit_success - Using run configuration [Pentaho local]
2023/06/26 20:25:27 - tr_upd_job_control_work_unit - Dispatching started for transformation [tr_upd_job_control_work_unit]
2023/06/26 20:25:27 - gv-execution-variables.0 - Finished processing (I=0, O=0, R=1, W=1, U=0, E=0)
2023/06/26 20:25:27 - logtime.0 - Finished processing (I=0, O=0, R=1, W=1, U=0, E=0)
2023/06/26 20:25:27 - sw_status.0 - Finished processing (I=0, O=0, R=1, W=1, U=0, E=0)
2023/06/26 20:25:27 - success_error.0 - Finished processing (I=0, O=0, R=1, W=1, U=0, E=0)
2023/06/26 20:25:27 - u_job_control.0 - Finished processing (I=1, O=0, R=1, W=1, U=1, E=0)
2023/06/26 20:25:27 - jb_work_unit - Starting entry [se_is_last_unit]
2023/06/26 20:25:27 - jb_work_unit - Starting entry [wrt-job-execution-finished]
2023/06/26 20:25:27 - *** INFO: JOB FINISHED: jb_main_rh_dwh_staging *** -  
2023/06/26 20:25:27 - jb_work_unit - Starting entry [tr_upd_job_control_work_unit_finished]
2023/06/26 20:25:27 - tr_upd_job_control_work_unit_finished - Using run configuration [Pentaho local]
2023/06/26 20:25:27 - tr_upd_job_control_work_unit - Dispatching started for transformation [tr_upd_job_control_work_unit]
2023/06/26 20:25:27 - gv-execution-variables.0 - Finished processing (I=0, O=0, R=1, W=1, U=0, E=0)
2023/06/26 20:25:27 - logtime.0 - Finished processing (I=0, O=0, R=1, W=1, U=0, E=0)
2023/06/26 20:25:27 - sw_status.0 - Finished processing (I=0, O=0, R=1, W=1, U=0, E=0)
2023/06/26 20:25:27 - finished.0 - Finished processing (I=0, O=0, R=1, W=1, U=0, E=0)
2023/06/26 20:25:27 - ac-framework_checkpoint.0 - Finished processing (I=0, O=0, R=1, W=1, U=0, E=0)
2023/06/26 20:25:27 - up_work_units_finished.0 - Finished processing (I=1, O=0, R=1, W=1, U=1, E=0)
2023/06/26 20:25:27 - jb_work_unit - Starting entry [tr_upd_job_control_finished]
2023/06/26 20:25:27 - tr_upd_job_control_finished - Using run configuration [Pentaho local]
2023/06/26 20:25:27 - tr_upd_job_control_job - Dispatching started for transformation [tr_upd_job_control_job]
2023/06/26 20:25:27 - gv-execution-variables.0 - Finished processing (I=0, O=0, R=1, W=1, U=0, E=0)
2023/06/26 20:25:27 - logtime.0 - Finished processing (I=0, O=0, R=1, W=1, U=0, E=0)
2023/06/26 20:25:27 - ac-job_control_checkpoint_and_project_name.0 - Finished processing (I=0, O=0, R=1, W=1, U=0, E=0)
2023/06/26 20:25:27 - sw-status.0 - Finished processing (I=0, O=0, R=1, W=1, U=0, E=0)
2023/06/26 20:25:27 - finished.0 - Finished processing (I=0, O=0, R=1, W=1, U=0, E=0)
2023/06/26 20:25:27 - u-job_control_finished.0 - Finished processing (I=1, O=0, R=1, W=1, U=1, E=0)
2023/06/26 20:25:27 - jb_work_unit - Starting entry [Success]
2023/06/26 20:25:27 - jb_work_unit - Finished job entry [Success] (result=[true])
2023/06/26 20:25:27 - jb_work_unit - Finished job entry [tr_upd_job_control_finished] (result=[true])
2023/06/26 20:25:27 - jb_work_unit - Finished job entry [tr_upd_job_control_work_unit_finished] (result=[true])
2023/06/26 20:25:27 - jb_work_unit - Finished job entry [wrt-job-execution-finished] (result=[true])
2023/06/26 20:25:27 - jb_work_unit - Finished job entry [se_is_last_unit] (result=[true])
2023/06/26 20:25:27 - jb_work_unit - Finished job entry [tr_upd_job_control_work_unit_success] (result=[true])
2023/06/26 20:25:27 - jb_work_unit - Finished job entry [tr-execute-transformation] (result=[true])
2023/06/26 20:25:27 - jb_work_unit - Finished job entry [se-is-job?] (result=[true])
2023/06/26 20:25:27 - jb_work_unit - Finished job entry [tr_upd_job_control_work_unit_running] (result=[true])
2023/06/26 20:25:27 - jb_work_unit - Finished job entry [wrt-start-execution_check] (result=[true])
2023/06/26 20:25:27 - jb_work_unit - Finished job entry [se-start] (result=[true])
2023/06/26 20:25:27 - jb_work_unit - Finished job entry [tr_work_unit_start_check] (result=[true])
2023/06/26 20:25:27 - jb_work_unit - Finished job entry [se-check_start?] (result=[true])
2023/06/26 20:25:27 - jb_work_unit - Finished job entry [jb_load_work_unit_env] (result=[true])
2023/06/26 20:25:27 - jb_work_unit - Finished job entry [wtl_work_unit_conditions] (result=[true])
2023/06/26 20:25:27 - jb_main_rh_dwh_staging - Finished job entry [jb_load_work_unit-tr_load_stg_effectifs] (result=[true])
2023/06/26 20:25:27 - jb_main_rh_dwh_staging - Finished job entry [jb_load_work_unit-tr_stg_service_societe_stg_collaborateur_collaborateur_service] (result=[true])
2023/06/26 20:25:27 - jb_main_rh_dwh_staging - Finished job entry [jb_load_work_unit-tr_stg_type_collaborateur] (result=[true])
2023/06/26 20:25:27 - jb_main_rh_dwh_staging - Finished job entry [jb_load_work_unit-tr_load_stg_collaborateur] (result=[true])
2023/06/26 20:25:27 - jb_main_rh_dwh_staging - Finished job entry [jb_load_work_unit-tr_organisation_msxls] (result=[true])
2023/06/26 20:25:27 - jb_main_rh_dwh_staging - Finished job entry [jb_load_work_unit-tr_rh_msxls] (result=[true])
2023/06/26 20:25:27 - jb_main_rh_dwh_staging - Finished job entry [Jb-job_start_actions] (result=[true])
2023/06/26 20:25:27 - jb_main_rh_dwh_staging - Finished job entry [tr-log_batch_id] (result=[true])
