[2023-10-22T00:00:49.852+0200] {taskinstance.py:1165} INFO - Dependencies all met for <TaskInstance: pipeline_xls_xlsxcsv.etl_prod_asset scheduled__2023-10-21T18:00:00+00:00 [queued]>
[2023-10-22T00:00:49.947+0200] {taskinstance.py:1165} INFO - Dependencies all met for <TaskInstance: pipeline_xls_xlsxcsv.etl_prod_asset scheduled__2023-10-21T18:00:00+00:00 [queued]>
[2023-10-22T00:00:49.949+0200] {taskinstance.py:1362} INFO - 
--------------------------------------------------------------------------------
[2023-10-22T00:00:49.950+0200] {taskinstance.py:1363} INFO - Starting attempt 1 of 2
[2023-10-22T00:00:49.951+0200] {taskinstance.py:1364} INFO - 
--------------------------------------------------------------------------------
[2023-10-22T00:00:50.028+0200] {taskinstance.py:1383} INFO - Executing <Task(BashOperator): etl_prod_asset> on 2023-10-21 18:00:00+00:00
[2023-10-22T00:00:50.109+0200] {standard_task_runner.py:55} INFO - Started process 14663 to run task
[2023-10-22T00:00:50.175+0200] {standard_task_runner.py:82} INFO - Running: ['airflow', 'tasks', 'run', 'pipeline_xls_xlsxcsv', 'etl_prod_asset', 'scheduled__2023-10-21T18:00:00+00:00', '--job-id', '600', '--raw', '--subdir', '/mnt/d/local-repo-github/enr_portfolio_modeling/pipelines/dags/pipeline_etl_as_excelfiles.py', '--cfg-path', '/tmp/tmph1gxkm4e']
[2023-10-22T00:00:50.203+0200] {standard_task_runner.py:83} INFO - Job 600: Subtask etl_prod_asset
[2023-10-22T00:00:51.895+0200] {task_command.py:376} INFO - Running <TaskInstance: pipeline_xls_xlsxcsv.etl_prod_asset scheduled__2023-10-21T18:00:00+00:00 [running]> on host DESKTOP-JDQLDT1.localdomain
[2023-10-22T00:00:53.294+0200] {taskinstance.py:1590} INFO - Exporting the following env vars:
AIRFLOW_CTX_DAG_EMAIL=hermannjoel.ngayap@yahoo.fr
AIRFLOW_CTX_DAG_OWNER=nherm
AIRFLOW_CTX_DAG_ID=pipeline_xls_xlsxcsv
AIRFLOW_CTX_TASK_ID=etl_prod_asset
AIRFLOW_CTX_EXECUTION_DATE=2023-10-21T18:00:00+00:00
AIRFLOW_CTX_TRY_NUMBER=1
AIRFLOW_CTX_DAG_RUN_ID=scheduled__2023-10-21T18:00:00+00:00
[2023-10-22T00:00:53.307+0200] {subprocess.py:63} INFO - Tmp dir root location: 
 /tmp
[2023-10-22T00:00:53.311+0200] {subprocess.py:75} INFO - Running command: ['/usr/bin/bash', '-c', 'python /mnt/d/local-repo-github/enr_portfolio_modeling/src/data/etl_xlsx_xlsxcsv/etl_prod_xlsx.py']
[2023-10-22T00:00:53.427+0200] {subprocess.py:86} INFO - Output:
[2023-10-22T00:01:37.971+0200] {subprocess.py:93} INFO - 
[2023-10-22T00:01:37.974+0200] {subprocess.py:93} INFO - 
[2023-10-22T00:01:37.980+0200] {subprocess.py:93} INFO - compute p50_p90 Asset starts!:
[2023-10-22T00:01:37.982+0200] {subprocess.py:93} INFO - 
[2023-10-22T00:01:37.983+0200] {subprocess.py:93} INFO - here we go:
[2023-10-22T00:01:37.984+0200] {subprocess.py:93} INFO - 
[2023-10-22T00:01:37.985+0200] {subprocess.py:93} INFO - creation df asset in prod starts!:
[2023-10-22T00:01:37.987+0200] {subprocess.py:93} INFO - 
[2023-10-22T00:01:37.988+0200] {subprocess.py:93} INFO - creation df asset in prod ends!:
[2023-10-22T00:01:37.990+0200] {subprocess.py:93} INFO - 
[2023-10-22T00:01:37.991+0200] {subprocess.py:93} INFO - creation df asset in planif starts!:
[2023-10-22T00:01:37.996+0200] {subprocess.py:93} INFO - 
[2023-10-22T00:01:37.998+0200] {subprocess.py:93} INFO - creation solar df starts!:
[2023-10-22T00:01:37.999+0200] {subprocess.py:93} INFO - 
[2023-10-22T00:01:38.000+0200] {subprocess.py:93} INFO - creation wind power df starts!:
[2023-10-22T00:01:38.001+0200] {subprocess.py:93} INFO - 
[2023-10-22T00:01:38.003+0200] {subprocess.py:93} INFO - creation df asset in planif ends:
[2023-10-22T00:01:38.004+0200] {subprocess.py:93} INFO - 
[2023-10-22T00:01:38.005+0200] {subprocess.py:93} INFO - Compute p50 p90 asset ends!
[2023-10-22T00:01:38.006+0200] {subprocess.py:93} INFO - Data loaded in /mnt/d/local-repo-github/enr_portfolio_modeling/src/validation/great_expectations_dir/data/ as prod_asset.csv!
[2023-10-22T00:01:40.324+0200] {subprocess.py:97} INFO - Command exited with return code 0
[2023-10-22T00:01:41.473+0200] {taskinstance.py:1401} INFO - Marking task as SUCCESS. dag_id=pipeline_xls_xlsxcsv, task_id=etl_prod_asset, execution_date=20231021T180000, start_date=20231021T220049, end_date=20231021T220141
[2023-10-22T00:01:41.619+0200] {local_task_job.py:159} INFO - Task exited with return code 0
[2023-10-22T00:01:42.178+0200] {taskinstance.py:2623} INFO - 0 downstream tasks scheduled from follow-on schedule check
